<?xml version="1.0" encoding="UTF-8"?>
<!-- Generated by org.testng.reporters.JUnitReportReporter -->
<testsuite hostname="Qaisar-Dell" failures="0" tests="1" name="MavenProject1P.MPClass1" time="1.051" errors="0" timestamp="2022-03-08T23:42:23 EST" skipped="0">
  <testcase classname="MavenProject1P.MPClass1" name="testEasy" time="1.051"/>
  <system-out/>
</testsuite> <!-- MavenProject1P.MPClass1 -->
