<?xml version="1.0" encoding="UTF-8"?>
<!-- Generated by org.testng.reporters.JUnitReportReporter -->
<testsuite hostname="Qaisar-Dell" failures="0" tests="1" name="MavenProject1P.MPClass1" time="57.227" errors="0" timestamp="2022-03-03T08:44:22 EST" skipped="0">
  <testcase classname="MavenProject1P.MPClass1" name="testEasy" time="57.227"/>
  <system-out/>
</testsuite> <!-- MavenProject1P.MPClass1 -->
