<?xml version="1.0" encoding="UTF-8"?>
<!-- Generated by org.testng.reporters.JUnitReportReporter -->
<testsuite hostname="Qaisar-Dell" failures="0" tests="3" name="MyProfile.T02_BrokenLinks" time="5.580" errors="0" timestamp="2022-03-11T00:48:47 EST" skipped="0">
  <testcase classname="MyProfile.T02_BrokenLinks" name="launchBrowser" time="2.490"/>
  <system-out/>
  <testcase classname="MyProfile.T02_BrokenLinks" name="verifyHomepageTitle" time="2.013"/>
  <system-out/>
  <testcase classname="MyProfile.T02_BrokenLinks" name="BrokenLinksValidation" time="1.077"/>
  <system-out/>
</testsuite> <!-- MyProfile.T02_BrokenLinks -->
