<?xml version="1.0" encoding="UTF-8"?>
<!-- Generated by org.testng.reporters.JUnitReportReporter -->
<testsuite hostname="Qaisar-Dell" failures="0" tests="7" name="MyProfile.T01_MyProfile" time="7.313" errors="0" timestamp="2022-03-11T00:48:47 EST" skipped="0">
  <testcase classname="MyProfile.T01_MyProfile" name="launchBrowser" time="2.160"/>
  <system-out/>
  <testcase classname="MyProfile.T01_MyProfile" name="verifyHomepageTitle" time="1.912"/>
  <system-out/>
  <testcase classname="MyProfile.T01_MyProfile" name="dataEntry" time="0.534"/>
  <system-out/>
  <testcase classname="MyProfile.T01_MyProfile" name="chkBoxValidation" time="0.436"/>
  <system-out/>
  <testcase classname="MyProfile.T01_MyProfile" name="urlEntry" time="0.633"/>
  <system-out/>
  <testcase classname="MyProfile.T01_MyProfile" name="urlDuplicate" time="1.575"/>
  <system-out/>
  <testcase classname="MyProfile.T01_MyProfile" name="urlDelete" time="0.063"/>
  <system-out/>
</testsuite> <!-- MyProfile.T01_MyProfile -->
